Started GET "/" for 127.0.0.1 at 2024-02-07 16:06:12 -0300
  
ActiveRecord::NoDatabaseError (We could not find your database: sistema_courier_es_development. Which can be found in the database configuration file located at config/database.yml.

To resolve this issue:

- Did you create the database for this app, or delete it? You may need to create your database.
- Has the database name changed? Check your database.yml config has the correct database name.

To create your database, run:

        bin/rails db:create
):
  
activerecord (7.0.8) lib/active_record/connection_adapters/postgresql_adapter.rb:81:in `rescue in new_client'
activerecord (7.0.8) lib/active_record/connection_adapters/postgresql_adapter.rb:77:in `new_client'
activerecord (7.0.8) lib/active_record/connection_adapters/postgresql_adapter.rb:37:in `postgresql_connection'
activerecord (7.0.8) lib/active_record/connection_adapters/abstract/connection_pool.rb:656:in `public_send'
activerecord (7.0.8) lib/active_record/connection_adapters/abstract/connection_pool.rb:656:in `new_connection'
activerecord (7.0.8) lib/active_record/connection_adapters/abstract/connection_pool.rb:700:in `checkout_new_connection'
activerecord (7.0.8) lib/active_record/connection_adapters/abstract/connection_pool.rb:679:in `try_to_checkout_new_connection'
activerecord (7.0.8) lib/active_record/connection_adapters/abstract/connection_pool.rb:640:in `acquire_connection'
activerecord (7.0.8) lib/active_record/connection_adapters/abstract/connection_pool.rb:341:in `checkout'
activerecord (7.0.8) lib/active_record/connection_adapters/abstract/connection_pool.rb:181:in `connection'
activerecord (7.0.8) lib/active_record/connection_adapters/abstract/connection_handler.rb:211:in `retrieve_connection'
activerecord (7.0.8) lib/active_record/connection_handling.rb:313:in `retrieve_connection'
activerecord (7.0.8) lib/active_record/connection_handling.rb:280:in `connection'
activerecord (7.0.8) lib/active_record/migration.rb:648:in `connection'
activerecord (7.0.8) lib/active_record/migration.rb:643:in `build_watcher'
activerecord (7.0.8) lib/active_record/migration.rb:625:in `block in call'
activerecord (7.0.8) lib/active_record/migration.rb:624:in `synchronize'
activerecord (7.0.8) lib/active_record/migration.rb:624:in `call'
actionpack (7.0.8) lib/action_dispatch/middleware/callbacks.rb:27:in `block in call'
activesupport (7.0.8) lib/active_support/callbacks.rb:99:in `run_callbacks'
actionpack (7.0.8) lib/action_dispatch/middleware/callbacks.rb:26:in `call'
actionpack (7.0.8) lib/action_dispatch/middleware/executor.rb:14:in `call'
actionpack (7.0.8) lib/action_dispatch/middleware/actionable_exceptions.rb:17:in `call'
actionpack (7.0.8) lib/action_dispatch/middleware/debug_exceptions.rb:28:in `call'
actionpack (7.0.8) lib/action_dispatch/middleware/show_exceptions.rb:29:in `call'
railties (7.0.8) lib/rails/rack/logger.rb:40:in `call_app'
railties (7.0.8) lib/rails/rack/logger.rb:25:in `block in call'
activesupport (7.0.8) lib/active_support/tagged_logging.rb:99:in `block in tagged'
activesupport (7.0.8) lib/active_support/tagged_logging.rb:37:in `tagged'
activesupport (7.0.8) lib/active_support/tagged_logging.rb:99:in `tagged'
railties (7.0.8) lib/rails/rack/logger.rb:25:in `call'
actionpack (7.0.8) lib/action_dispatch/middleware/remote_ip.rb:93:in `call'
actionpack (7.0.8) lib/action_dispatch/middleware/request_id.rb:26:in `call'
rack (2.2.8) lib/rack/runtime.rb:22:in `call'
activesupport (7.0.8) lib/active_support/cache/strategy/local_cache_middleware.rb:29:in `call'
actionpack (7.0.8) lib/action_dispatch/middleware/server_timing.rb:61:in `block in call'
actionpack (7.0.8) lib/action_dispatch/middleware/server_timing.rb:26:in `collect_events'
actionpack (7.0.8) lib/action_dispatch/middleware/server_timing.rb:60:in `call'
actionpack (7.0.8) lib/action_dispatch/middleware/executor.rb:14:in `call'
actionpack (7.0.8) lib/action_dispatch/middleware/static.rb:23:in `call'
rack (2.2.8) lib/rack/sendfile.rb:110:in `call'
actionpack (7.0.8) lib/action_dispatch/middleware/host_authorization.rb:138:in `call'
railties (7.0.8) lib/rails/engine.rb:530:in `call'
puma (5.6.8) lib/puma/configuration.rb:252:in `call'
puma (5.6.8) lib/puma/request.rb:77:in `block in handle_request'
puma (5.6.8) lib/puma/thread_pool.rb:340:in `with_force_shutdown'
puma (5.6.8) lib/puma/request.rb:76:in `handle_request'
puma (5.6.8) lib/puma/server.rb:443:in `process_client'
puma (5.6.8) lib/puma/thread_pool.rb:147:in `block in spawn_thread'
  [1m[35m (98.0ms)[0m  [1m[35mCREATE DATABASE "sistema_courier_es_development" ENCODING = 'unicode'[0m
  [1m[35m (94.7ms)[0m  [1m[35mCREATE DATABASE "sistema_courier_es_test" ENCODING = 'unicode'[0m
Started GET "/" for 127.0.0.1 at 2024-02-07 16:06:32 -0300
Processing by Rails::WelcomeController#index as HTML
  Rendering /home/es/.rbenv/versions/3.1.1/lib/ruby/gems/3.1.0/gems/railties-7.0.8/lib/rails/templates/rails/welcome/index.html.erb
  Rendered /home/es/.rbenv/versions/3.1.1/lib/ruby/gems/3.1.0/gems/railties-7.0.8/lib/rails/templates/rails/welcome/index.html.erb (Duration: 2.1ms | Allocations: 529)
Completed 200 OK in 16ms (Views: 4.9ms | ActiveRecord: 0.0ms | Allocations: 4857)


Started GET "/" for 127.0.0.1 at 2024-02-07 16:07:50 -0300
  [1m[35m (18.5ms)[0m  [1m[35mCREATE TABLE "schema_migrations" ("version" character varying NOT NULL PRIMARY KEY)[0m
  [1m[35m (6.0ms)[0m  [1m[35mCREATE TABLE "ar_internal_metadata" ("key" character varying NOT NULL PRIMARY KEY, "value" character varying, "created_at" timestamp(6) NOT NULL, "updated_at" timestamp(6) NOT NULL)[0m
  [1m[36mActiveRecord::SchemaMigration Pluck (0.4ms)[0m  [1m[34mSELECT "schema_migrations"."version" FROM "schema_migrations" ORDER BY "schema_migrations"."version" ASC[0m
  
ActiveRecord::PendingMigrationError (

Migrations are pending. To resolve this issue, run:

        bin/rails db:migrate RAILS_ENV=development

You have 5 pending migrations:

20240204232816_create_enderecos.rb
20240204232830_create_funcionarios.rb
20240204232857_create_destinatarios.rb
20240204233717_create_remetentes.rb
20240204233944_create_encomendas.rb


):
  
activerecord (7.0.8) lib/active_record/migration.rb:662:in `check_pending!'
activerecord (7.0.8) lib/active_record/migration.rb:627:in `block (2 levels) in call'
activesupport (7.0.8) lib/active_support/file_update_checker.rb:83:in `execute'
activerecord (7.0.8) lib/active_record/migration.rb:632:in `block in call'
activerecord (7.0.8) lib/active_record/migration.rb:624:in `synchronize'
activerecord (7.0.8) lib/active_record/migration.rb:624:in `call'
actionpack (7.0.8) lib/action_dispatch/middleware/callbacks.rb:27:in `block in call'
activesupport (7.0.8) lib/active_support/callbacks.rb:99:in `run_callbacks'
actionpack (7.0.8) lib/action_dispatch/middleware/callbacks.rb:26:in `call'
actionpack (7.0.8) lib/action_dispatch/middleware/executor.rb:14:in `call'
actionpack (7.0.8) lib/action_dispatch/middleware/actionable_exceptions.rb:17:in `call'
actionpack (7.0.8) lib/action_dispatch/middleware/debug_exceptions.rb:28:in `call'
actionpack (7.0.8) lib/action_dispatch/middleware/show_exceptions.rb:29:in `call'
railties (7.0.8) lib/rails/rack/logger.rb:40:in `call_app'
railties (7.0.8) lib/rails/rack/logger.rb:25:in `block in call'
activesupport (7.0.8) lib/active_support/tagged_logging.rb:99:in `block in tagged'
activesupport (7.0.8) lib/active_support/tagged_logging.rb:37:in `tagged'
activesupport (7.0.8) lib/active_support/tagged_logging.rb:99:in `tagged'
railties (7.0.8) lib/rails/rack/logger.rb:25:in `call'
actionpack (7.0.8) lib/action_dispatch/middleware/remote_ip.rb:93:in `call'
actionpack (7.0.8) lib/action_dispatch/middleware/request_id.rb:26:in `call'
rack (2.2.8) lib/rack/runtime.rb:22:in `call'
activesupport (7.0.8) lib/active_support/cache/strategy/local_cache_middleware.rb:29:in `call'
actionpack (7.0.8) lib/action_dispatch/middleware/server_timing.rb:61:in `block in call'
actionpack (7.0.8) lib/action_dispatch/middleware/server_timing.rb:26:in `collect_events'
actionpack (7.0.8) lib/action_dispatch/middleware/server_timing.rb:60:in `call'
actionpack (7.0.8) lib/action_dispatch/middleware/executor.rb:14:in `call'
actionpack (7.0.8) lib/action_dispatch/middleware/static.rb:23:in `call'
rack (2.2.8) lib/rack/sendfile.rb:110:in `call'
actionpack (7.0.8) lib/action_dispatch/middleware/host_authorization.rb:138:in `call'
railties (7.0.8) lib/rails/engine.rb:530:in `call'
puma (5.6.8) lib/puma/configuration.rb:252:in `call'
puma (5.6.8) lib/puma/request.rb:77:in `block in handle_request'
puma (5.6.8) lib/puma/thread_pool.rb:340:in `with_force_shutdown'
puma (5.6.8) lib/puma/request.rb:76:in `handle_request'
puma (5.6.8) lib/puma/server.rb:443:in `process_client'
puma (5.6.8) lib/puma/thread_pool.rb:147:in `block in spawn_thread'
  [1m[35m (8.7ms)[0m  [1m[34mSELECT pg_try_advisory_lock(3161780867984223660)[0m
  [1m[36mActiveRecord::SchemaMigration Pluck (0.4ms)[0m  [1m[34mSELECT "schema_migrations"."version" FROM "schema_migrations" ORDER BY "schema_migrations"."version" ASC[0m
Migrating to CreateEnderecos (20240204232816)
  [1m[36mTRANSACTION (0.2ms)[0m  [1m[35mBEGIN[0m
  [1m[35m (6.8ms)[0m  [1m[35mCREATE TABLE "enderecos" ("id" bigserial primary key, "cep" character varying, "logradouro" character varying, "numero" character varying, "complemento" character varying, "cidade" character varying, "bairro" character varying, "pais" character varying, "codigo_postal" character varying, "created_at" timestamp(6) NOT NULL, "updated_at" timestamp(6) NOT NULL)[0m
  [1m[36mActiveRecord::SchemaMigration Create (1.1ms)[0m  [1m[32mINSERT INTO "schema_migrations" ("version") VALUES ($1) RETURNING "version"[0m  [["version", "20240204232816"]]
  [1m[36mTRANSACTION (2.5ms)[0m  [1m[35mCOMMIT[0m
Migrating to CreateFuncionarios (20240204232830)
  [1m[36mTRANSACTION (0.2ms)[0m  [1m[35mBEGIN[0m
  [1m[35m (5.8ms)[0m  [1m[35mCREATE TABLE "funcionarios" ("id" bigserial primary key, "nome" character varying, "cargo" character varying, "data_nascimento" date, "cpf" character varying, "email" character varying, "telefone" character varying, "created_at" timestamp(6) NOT NULL, "updated_at" timestamp(6) NOT NULL)[0m
  [1m[36mActiveRecord::SchemaMigration Create (0.2ms)[0m  [1m[32mINSERT INTO "schema_migrations" ("version") VALUES ($1) RETURNING "version"[0m  [["version", "20240204232830"]]
  [1m[36mTRANSACTION (1.5ms)[0m  [1m[35mCOMMIT[0m
Migrating to CreateDestinatarios (20240204232857)
  [1m[36mTRANSACTION (0.2ms)[0m  [1m[35mBEGIN[0m
  [1m[35m (5.8ms)[0m  [1m[35mCREATE TABLE "destinatarios" ("id" bigserial primary key, "nome" character varying, "data_nascimento" date, "cpf" character varying, "email" character varying, "telefone" character varying, "endereco_id" bigint NOT NULL, "created_at" timestamp(6) NOT NULL, "updated_at" timestamp(6) NOT NULL, CONSTRAINT "fk_rails_577f8e2790"
FOREIGN KEY ("endereco_id")
  REFERENCES "enderecos" ("id")
)[0m
  [1m[35m (2.3ms)[0m  [1m[35mCREATE INDEX "index_destinatarios_on_endereco_id" ON "destinatarios" ("endereco_id")[0m
  [1m[36mActiveRecord::SchemaMigration Create (0.2ms)[0m  [1m[32mINSERT INTO "schema_migrations" ("version") VALUES ($1) RETURNING "version"[0m  [["version", "20240204232857"]]
  [1m[36mTRANSACTION (0.6ms)[0m  [1m[35mCOMMIT[0m
Migrating to CreateRemetentes (20240204233717)
  [1m[36mTRANSACTION (0.2ms)[0m  [1m[35mBEGIN[0m
  [1m[35m (7.7ms)[0m  [1m[35mCREATE TABLE "remetentes" ("id" bigserial primary key, "nome" character varying, "email" character varying, "telefone" character varying, "endereco_id" bigint NOT NULL, "created_at" timestamp(6) NOT NULL, "updated_at" timestamp(6) NOT NULL, CONSTRAINT "fk_rails_5cbb2ece68"
FOREIGN KEY ("endereco_id")
  REFERENCES "enderecos" ("id")
)[0m
  [1m[35m (1.5ms)[0m  [1m[35mCREATE INDEX "index_remetentes_on_endereco_id" ON "remetentes" ("endereco_id")[0m
  [1m[36mActiveRecord::SchemaMigration Create (0.2ms)[0m  [1m[32mINSERT INTO "schema_migrations" ("version") VALUES ($1) RETURNING "version"[0m  [["version", "20240204233717"]]
  [1m[36mTRANSACTION (0.9ms)[0m  [1m[35mCOMMIT[0m
Migrating to CreateEncomendas (20240204233944)
  [1m[36mTRANSACTION (0.3ms)[0m  [1m[35mBEGIN[0m
  [1m[35m (4.4ms)[0m  [1m[35mCREATE TABLE "encomendas" ("id" bigserial primary key, "peso" float, "status" character varying, "data_entrega" date, "destinatario_id" bigint NOT NULL, "remetente_id" bigint NOT NULL, "created_at" timestamp(6) NOT NULL, "updated_at" timestamp(6) NOT NULL, CONSTRAINT "fk_rails_4d958128c4"
FOREIGN KEY ("destinatario_id")
  REFERENCES "destinatarios" ("id")
, CONSTRAINT "fk_rails_633867219d"
FOREIGN KEY ("remetente_id")
  REFERENCES "remetentes" ("id")
)[0m
  [1m[35m (1.5ms)[0m  [1m[35mCREATE INDEX "index_encomendas_on_destinatario_id" ON "encomendas" ("destinatario_id")[0m
  [1m[35m (1.7ms)[0m  [1m[35mCREATE INDEX "index_encomendas_on_remetente_id" ON "encomendas" ("remetente_id")[0m
  [1m[36mActiveRecord::SchemaMigration Create (0.3ms)[0m  [1m[32mINSERT INTO "schema_migrations" ("version") VALUES ($1) RETURNING "version"[0m  [["version", "20240204233944"]]
  [1m[36mTRANSACTION (0.8ms)[0m  [1m[35mCOMMIT[0m
  [1m[36mActiveRecord::InternalMetadata Load (0.3ms)[0m  [1m[34mSELECT "ar_internal_metadata".* FROM "ar_internal_metadata" WHERE "ar_internal_metadata"."key" = $1 LIMIT $2[0m  [["key", "environment"], ["LIMIT", 1]]
  [1m[36mTRANSACTION (0.2ms)[0m  [1m[35mBEGIN[0m
  [1m[36mActiveRecord::InternalMetadata Create (0.7ms)[0m  [1m[32mINSERT INTO "ar_internal_metadata" ("key", "value", "created_at", "updated_at") VALUES ($1, $2, $3, $4) RETURNING "key"[0m  [["key", "environment"], ["value", "development"], ["created_at", "2024-02-07 19:08:02.197085"], ["updated_at", "2024-02-07 19:08:02.197085"]]
  [1m[36mTRANSACTION (1.2ms)[0m  [1m[35mCOMMIT[0m
  [1m[35m (0.2ms)[0m  [1m[34mSELECT pg_advisory_unlock(3161780867984223660)[0m
  [1m[36mActiveRecord::SchemaMigration Pluck (3.3ms)[0m  [1m[34mSELECT "schema_migrations"."version" FROM "schema_migrations" ORDER BY "schema_migrations"."version" ASC[0m
Started GET "/" for 127.0.0.1 at 2024-02-07 16:08:06 -0300
  [1m[36mActiveRecord::SchemaMigration Pluck (2.6ms)[0m  [1m[34mSELECT "schema_migrations"."version" FROM "schema_migrations" ORDER BY "schema_migrations"."version" ASC[0m
Processing by Rails::WelcomeController#index as HTML
  Rendering /home/es/.rbenv/versions/3.1.1/lib/ruby/gems/3.1.0/gems/railties-7.0.8/lib/rails/templates/rails/welcome/index.html.erb
  Rendered /home/es/.rbenv/versions/3.1.1/lib/ruby/gems/3.1.0/gems/railties-7.0.8/lib/rails/templates/rails/welcome/index.html.erb (Duration: 1.3ms | Allocations: 529)
Completed 200 OK in 18ms (Views: 3.3ms | ActiveRecord: 0.0ms | Allocations: 4419)


Started GET "/" for 127.0.0.1 at 2024-02-07 16:09:18 -0300
  [1m[36mActiveRecord::SchemaMigration Pluck (0.8ms)[0m  [1m[34mSELECT "schema_migrations"."version" FROM "schema_migrations" ORDER BY "schema_migrations"."version" ASC[0m
Processing by Rails::WelcomeController#index as HTML
  Rendering /home/es/.rbenv/versions/3.1.1/lib/ruby/gems/3.1.0/gems/railties-7.0.8/lib/rails/templates/rails/welcome/index.html.erb
  Rendered /home/es/.rbenv/versions/3.1.1/lib/ruby/gems/3.1.0/gems/railties-7.0.8/lib/rails/templates/rails/welcome/index.html.erb (Duration: 0.8ms | Allocations: 529)
Completed 200 OK in 7ms (Views: 2.6ms | ActiveRecord: 0.0ms | Allocations: 4419)


Started GET "/" for 127.0.0.1 at 2024-02-07 16:11:10 -0300
  [1m[36mActiveRecord::SchemaMigration Pluck (0.4ms)[0m  [1m[34mSELECT "schema_migrations"."version" FROM "schema_migrations" ORDER BY "schema_migrations"."version" ASC[0m
Processing by Rails::WelcomeController#index as HTML
  Rendering /home/es/.rbenv/versions/3.1.1/lib/ruby/gems/3.1.0/gems/railties-7.0.8/lib/rails/templates/rails/welcome/index.html.erb
  Rendered /home/es/.rbenv/versions/3.1.1/lib/ruby/gems/3.1.0/gems/railties-7.0.8/lib/rails/templates/rails/welcome/index.html.erb (Duration: 0.7ms | Allocations: 529)
Completed 200 OK in 6ms (Views: 2.4ms | ActiveRecord: 0.0ms | Allocations: 4419)


Started GET "/" for 127.0.0.1 at 2024-02-07 16:13:24 -0300
Processing by Rails::WelcomeController#index as HTML
  Rendering /home/es/.rbenv/versions/3.1.1/lib/ruby/gems/3.1.0/gems/railties-7.0.8/lib/rails/templates/rails/welcome/index.html.erb
  Rendered /home/es/.rbenv/versions/3.1.1/lib/ruby/gems/3.1.0/gems/railties-7.0.8/lib/rails/templates/rails/welcome/index.html.erb (Duration: 1.1ms | Allocations: 296)
Completed 200 OK in 3ms (Views: 2.3ms | ActiveRecord: 0.0ms | Allocations: 1045)


Started GET "/" for 127.0.0.1 at 2024-02-07 16:19:42 -0300
  
ActionController::RoutingError (uninitialized constant ArticlesController

      Object.const_get(camel_cased_word)
            ^^^^^^^^^^
Did you mean?  AbstractController

            raise MissingController.new(error.message, error.name)
            ^^^^^):
  
Started GET "/" for 127.0.0.1 at 2024-02-07 16:19:59 -0300
Processing by EncomendasController#index as HTML
  Rendering layout layouts/application.html.erb
  Rendering encomendas/index.html.erb within layouts/application
  Rendered encomendas/index.html.erb within layouts/application (Duration: 3.4ms | Allocations: 2373)
  Rendered layout layouts/application.html.erb (Duration: 3.7ms | Allocations: 2470)
Completed 500 Internal Server Error in 21ms (ActiveRecord: 0.0ms | Allocations: 6139)


  
ActionView::Template::Error (undefined method `flash' for #<ActionDispatch::Request GET "http://127.0.0.1:3000/" for 127.0.0.1>

            request.flash[type]
                   ^^^^^^):
    1: <p style="color: green"><%= notice %></p>
    2: 
    3: <h1>Encomendas</h1>
    4: 
  
app/views/encomendas/index.html.erb:1
Started GET "/favicon.ico" for 127.0.0.1 at 2024-02-07 16:19:59 -0300
  
ActionController::RoutingError (No route matches [GET] "/favicon.ico"):
  
Started GET "/" for 127.0.0.1 at 2024-02-07 16:20:00 -0300
Processing by EncomendasController#index as HTML
  Rendering layout layouts/application.html.erb
  Rendering encomendas/index.html.erb within layouts/application
  Rendered encomendas/index.html.erb within layouts/application (Duration: 2.0ms | Allocations: 1715)
  Rendered layout layouts/application.html.erb (Duration: 2.1ms | Allocations: 1794)
Completed 500 Internal Server Error in 3ms (ActiveRecord: 0.0ms | Allocations: 2047)


  
ActionView::Template::Error (undefined method `flash' for #<ActionDispatch::Request GET "http://127.0.0.1:3000/" for 127.0.0.1>

            request.flash[type]
                   ^^^^^^):
    1: <p style="color: green"><%= notice %></p>
    2: 
    3: <h1>Encomendas</h1>
    4: 
  
app/views/encomendas/index.html.erb:1
Started GET "/" for 127.0.0.1 at 2024-02-07 16:22:13 -0300
Processing by EncomendasController#index as HTML
  Rendering layout layouts/application.html.erb
  Rendering encomendas/index.html.erb within layouts/application
  Rendered encomendas/index.html.erb within layouts/application (Duration: 2.4ms | Allocations: 1811)
  Rendered layout layouts/application.html.erb (Duration: 2.6ms | Allocations: 1899)
Completed 500 Internal Server Error in 4ms (ActiveRecord: 0.0ms | Allocations: 2761)


  
ActionView::Template::Error (undefined method `flash' for #<ActionDispatch::Request GET "http://127.0.0.1:3000/" for 127.0.0.1>

def flash(...);  _ = request;  _.flash(...);rescue NoMethodError => e;  if _.nil? && e.name == :flash;   raise DelegationError, "ActionController::Base#flash delegated to request.flash, but request is nil: #{self.inspect}";  else;    raise;  end;end
                                ^^^^^^):
    1: <p style="color: green"><%= flash[:notice] %></p>
    2: 
    3: <h1>Encomendas</h1>
    4: 
  
app/views/encomendas/index.html.erb:1
Started GET "/" for 127.0.0.1 at 2024-02-07 16:22:15 -0300
Processing by EncomendasController#index as HTML
  Rendering layout layouts/application.html.erb
  Rendering encomendas/index.html.erb within layouts/application
  Rendered encomendas/index.html.erb within layouts/application (Duration: 1.8ms | Allocations: 1536)
  Rendered layout layouts/application.html.erb (Duration: 2.0ms | Allocations: 1615)
Completed 500 Internal Server Error in 3ms (ActiveRecord: 0.0ms | Allocations: 1867)


  
ActionView::Template::Error (undefined method `flash' for #<ActionDispatch::Request GET "http://127.0.0.1:3000/" for 127.0.0.1>

def flash(...);  _ = request;  _.flash(...);rescue NoMethodError => e;  if _.nil? && e.name == :flash;   raise DelegationError, "ActionController::Base#flash delegated to request.flash, but request is nil: #{self.inspect}";  else;    raise;  end;end
                                ^^^^^^):
    1: <p style="color: green"><%= flash[:notice] %></p>
    2: 
    3: <h1>Encomendas</h1>
    4: 
  
app/views/encomendas/index.html.erb:1
Started GET "/" for 127.0.0.1 at 2024-02-07 16:22:54 -0300
Processing by EncomendasController#index as HTML
  Rendering layout layouts/application.html.erb
  Rendering encomendas/index.html.erb within layouts/application
  Rendered encomendas/index.html.erb within layouts/application (Duration: 5.4ms | Allocations: 1813)
  Rendered layout layouts/application.html.erb (Duration: 5.6ms | Allocations: 1902)
Completed 500 Internal Server Error in 7ms (ActiveRecord: 0.0ms | Allocations: 2706)


  
ActionView::Template::Error (undefined method `flash' for #<ActionDispatch::Request GET "http://127.0.0.1:3000/" for 127.0.0.1>

def flash(...);  _ = request;  _.flash(...);rescue NoMethodError => e;  if _.nil? && e.name == :flash;   raise DelegationError, "ActionController::Base#flash delegated to request.flash, but request is nil: #{self.inspect}";  else;    raise;  end;end
                                ^^^^^^):
    1: 
    2: 
    3: <p style="color: green"><%= flash[:notice] %></p>
    4: 
    5: <h1>Encomendas</h1>
    6: 
  
app/views/encomendas/index.html.erb:3
Started GET "/" for 127.0.0.1 at 2024-02-07 16:23:13 -0300
Processing by EncomendasController#index as HTML
  Rendering layout layouts/application.html.erb
  Rendering encomendas/index.html.erb within layouts/application
  Rendered encomendas/index.html.erb within layouts/application (Duration: 2.7ms | Allocations: 1984)
  Rendered layout layouts/application.html.erb (Duration: 2.8ms | Allocations: 2072)
Completed 500 Internal Server Error in 4ms (ActiveRecord: 0.0ms | Allocations: 2738)


  
ActionView::Template::Error (undefined method `flash' for #<ActionDispatch::Request GET "http://127.0.0.1:3000/" for 127.0.0.1>

            request.flash[type]
                   ^^^^^^):
    1: <p style="color: green"><%= notice %></p>
    2: 
    3: <h1>Encomendas</h1>
    4: 
  
app/views/encomendas/index.html.erb:1
Started GET "/" for 127.0.0.1 at 2024-02-07 16:23:14 -0300
Processing by EncomendasController#index as HTML
  Rendering layout layouts/application.html.erb
  Rendering encomendas/index.html.erb within layouts/application
  Rendered encomendas/index.html.erb within layouts/application (Duration: 2.1ms | Allocations: 1715)
  Rendered layout layouts/application.html.erb (Duration: 2.2ms | Allocations: 1795)
Completed 500 Internal Server Error in 3ms (ActiveRecord: 0.0ms | Allocations: 2032)


  
ActionView::Template::Error (undefined method `flash' for #<ActionDispatch::Request GET "http://127.0.0.1:3000/" for 127.0.0.1>

            request.flash[type]
                   ^^^^^^):
    1: <p style="color: green"><%= notice %></p>
    2: 
    3: <h1>Encomendas</h1>
    4: 
  
app/views/encomendas/index.html.erb:1
Started GET "/" for 127.0.0.1 at 2024-02-07 16:23:18 -0300
Processing by EncomendasController#index as HTML
  Rendering layout layouts/application.html.erb
  Rendering encomendas/index.html.erb within layouts/application
  Rendered encomendas/index.html.erb within layouts/application (Duration: 1.4ms | Allocations: 1052)
  Rendered layout layouts/application.html.erb (Duration: 1.6ms | Allocations: 1140)
Completed 500 Internal Server Error in 3ms (ActiveRecord: 0.0ms | Allocations: 1785)


  
ActionView::Template::Error (undefined method `each' for nil:NilClass

'.freeze;   @encomendas.each do |encomenda| 
                       ^^^^^):
    2: <h1>Encomendas</h1>
    3: 
    4: <div id="encomendas">
    5:   <% @encomendas.each do |encomenda| %>
    6:     <%= render encomenda %>
    7:     <p>
    8:       <%= link_to "Show this encomenda", encomenda %>
  
app/views/encomendas/index.html.erb:5
Started GET "/" for 127.0.0.1 at 2024-02-07 16:23:27 -0300
Processing by EncomendasController#index as HTML
  Rendering layout layouts/application.html.erb
  Rendering encomendas/index.html.erb within layouts/application
  [1m[36mEncomenda Load (0.6ms)[0m  [1m[34mSELECT "encomendas".* FROM "encomendas"[0m
  ↳ app/views/encomendas/index.html.erb:5
  Rendered encomendas/index.html.erb within layouts/application (Duration: 20.1ms | Allocations: 7086)
  Rendered layout layouts/application.html.erb (Duration: 20.4ms | Allocations: 7171)
Completed 500 Internal Server Error in 25ms (ActiveRecord: 4.0ms | Allocations: 9279)


  
ActionView::Template::Error (undefined local variable or method `new_encomenda_path' for #<ActionView::Base:0x0000000001d240>

'.freeze;@output_buffer.append=( link_to "New encomenda", new_encomenda_path );
                                                          ^^^^^^^^^^^^^^^^^^):
    10:   <% end %>
    11: </div>
    12: 
    13: <%= link_to "New encomenda", new_encomenda_path %>
  
app/views/encomendas/index.html.erb:13
Started GET "/" for 127.0.0.1 at 2024-02-07 16:23:57 -0300
Processing by EncomendasController#index as HTML
  Rendering layout layouts/application.html.erb
  Rendering encomendas/index.html.erb within layouts/application
  Rendered encomendas/index.html.erb within layouts/application (Duration: 7.1ms | Allocations: 1989)
  Rendered layout layouts/application.html.erb (Duration: 7.8ms | Allocations: 2077)
Completed 500 Internal Server Error in 14ms (ActiveRecord: 0.0ms | Allocations: 4608)


  
ActionView::Template::Error (undefined method `flash' for #<ActionDispatch::Request GET "http://127.0.0.1:3000/" for 127.0.0.1>

            request.flash[type]
                   ^^^^^^):
    1: <p style="color: green"><%= notice %></p>
    2: 
    3: <h1>Encomendas</h1>
    4: 
  
app/views/encomendas/index.html.erb:1
Started GET "/favicon.ico" for 127.0.0.1 at 2024-02-07 16:23:57 -0300
  
ActionController::RoutingError (No route matches [GET] "/favicon.ico"):
  
Started GET "/" for 127.0.0.1 at 2024-02-07 16:24:00 -0300
Processing by EncomendasController#index as HTML
  Rendering layout layouts/application.html.erb
  Rendering encomendas/index.html.erb within layouts/application
  Rendered encomendas/index.html.erb within layouts/application (Duration: 1.9ms | Allocations: 1715)
  Rendered layout layouts/application.html.erb (Duration: 2.1ms | Allocations: 1794)
Completed 500 Internal Server Error in 3ms (ActiveRecord: 0.0ms | Allocations: 2040)


  
ActionView::Template::Error (undefined method `flash' for #<ActionDispatch::Request GET "http://127.0.0.1:3000/" for 127.0.0.1>

            request.flash[type]
                   ^^^^^^):
    1: <p style="color: green"><%= notice %></p>
    2: 
    3: <h1>Encomendas</h1>
    4: 
  
app/views/encomendas/index.html.erb:1
Started GET "/" for 127.0.0.1 at 2024-02-07 16:24:19 -0300
Processing by EncomendasController#index as HTML
  Rendering layout layouts/application.html.erb
  Rendering encomendas/index.html.erb within layouts/application
  [1m[36mEncomenda Load (0.2ms)[0m  [1m[34mSELECT "encomendas".* FROM "encomendas"[0m
  ↳ app/views/encomendas/index.html.erb:6
  Rendered encomendas/index.html.erb within layouts/application (Duration: 12.9ms | Allocations: 4325)
  Rendered layout layouts/application.html.erb (Duration: 13.2ms | Allocations: 4410)
Completed 500 Internal Server Error in 22ms (ActiveRecord: 0.2ms | Allocations: 5263)


  
ActionView::Template::Error (undefined local variable or method `new_encomenda_path' for #<ActionView::Base:0x00000000022240>

'.freeze;@output_buffer.append=( link_to "New encomenda", new_encomenda_path );
                                                          ^^^^^^^^^^^^^^^^^^):
    11:   <% end %>
    12: </div>
    13: 
    14: <%= link_to "New encomenda", new_encomenda_path %>
  
app/views/encomendas/index.html.erb:14
Started GET "/" for 127.0.0.1 at 2024-02-07 16:27:09 -0300
  [1m[36mActiveRecord::SchemaMigration Pluck (0.6ms)[0m  [1m[34mSELECT "schema_migrations"."version" FROM "schema_migrations" ORDER BY "schema_migrations"."version" ASC[0m
Processing by EncomendasController#index as HTML
  Rendering layout layouts/application.html.erb
  Rendering encomendas/index.html.erb within layouts/application
  [1m[36mEncomenda Load (2.7ms)[0m  [1m[34mSELECT "encomendas".* FROM "encomendas"[0m
  ↳ app/views/encomendas/index.html.erb:6
  Rendered encomendas/index.html.erb within layouts/application (Duration: 17.0ms | Allocations: 5094)
  Rendered layout layouts/application.html.erb (Duration: 17.3ms | Allocations: 5204)
Completed 500 Internal Server Error in 32ms (ActiveRecord: 2.7ms | Allocations: 11709)


  
ActionView::Template::Error (undefined local variable or method `new_encomenda_path' for #<ActionView::Base:0x00000000009b00>

'.freeze;@output_buffer.append=( link_to "New encomenda", new_encomenda_path );
                                                          ^^^^^^^^^^^^^^^^^^):
    11:   <% end %>
    12: </div>
    13: 
    14: <%= link_to "New encomenda", new_encomenda_path %>
  
app/views/encomendas/index.html.erb:14
Started GET "/" for 127.0.0.1 at 2024-02-07 16:30:23 -0300
  [1m[36mActiveRecord::SchemaMigration Pluck (0.5ms)[0m  [1m[34mSELECT "schema_migrations"."version" FROM "schema_migrations" ORDER BY "schema_migrations"."version" ASC[0m
Processing by EncomendasController#index as HTML
  Rendering layout layouts/application.html.erb
  Rendering encomendas/index.html.erb within layouts/application
  [1m[36mEncomenda Load (0.6ms)[0m  [1m[34mSELECT "encomendas".* FROM "encomendas"[0m
  ↳ app/views/encomendas/index.html.erb:6
  Rendered encomendas/index.html.erb within layouts/application (Duration: 14.1ms | Allocations: 5094)
  Rendered layout layouts/application.html.erb (Duration: 14.5ms | Allocations: 5204)
Completed 500 Internal Server Error in 36ms (ActiveRecord: 0.6ms | Allocations: 11709)


  
ActionView::Template::Error (undefined local variable or method `new_encomenda_path' for #<ActionView::Base:0x00000000009b00>

'.freeze;@output_buffer.append=( link_to "New encomenda", new_encomenda_path );
                                                          ^^^^^^^^^^^^^^^^^^):
    11:   <% end %>
    12: </div>
    13: 
    14: <%= link_to "New encomenda", new_encomenda_path %>
  
app/views/encomendas/index.html.erb:14
Started GET "/" for 127.0.0.1 at 2024-02-07 16:34:20 -0300
  [1m[36mActiveRecord::SchemaMigration Pluck (0.9ms)[0m  [1m[34mSELECT "schema_migrations"."version" FROM "schema_migrations" ORDER BY "schema_migrations"."version" ASC[0m
Processing by EncomendasController#index as HTML
  Rendering layout layouts/application.html.erb
  Rendering encomendas/index.html.erb within layouts/application
  [1m[36mEncomenda Load (0.4ms)[0m  [1m[34mSELECT "encomendas".* FROM "encomendas"[0m
  ↳ app/views/encomendas/index.html.erb:6
  Rendered encomendas/index.html.erb within layouts/application (Duration: 2.6ms | Allocations: 1560)
  Rendered layout layouts/application.html.erb (Duration: 19.7ms | Allocations: 6444)
Completed 500 Internal Server Error in 44ms (ActiveRecord: 0.4ms | Allocations: 16220)


  
ActionView::Template::Error (undefined local variable or method `javascript_importmap_tags' for #<ActionView::Base:0x00000000009c18>

    '.freeze;@output_buffer.append=( javascript_importmap_tags );@output_buffer.safe_append='
                                     ^^^^^^^^^^^^^^^^^^^^^^^^^
Did you mean?  javascript_tag):
     7:     <%= csp_meta_tag %>
     8: 
     9:     <%= stylesheet_link_tag "application", "data-turbo-track": "reload" %>
    10:     <%= javascript_importmap_tags %>
    11:   </head>
    12: 
    13:   <body>
  
app/views/layouts/application.html.erb:10
Started GET "/" for 127.0.0.1 at 2024-02-07 16:36:31 -0300
  [1m[36mActiveRecord::SchemaMigration Pluck (0.4ms)[0m  [1m[34mSELECT "schema_migrations"."version" FROM "schema_migrations" ORDER BY "schema_migrations"."version" ASC[0m
Processing by EncomendasController#index as HTML
  Rendering layout layouts/application.html.erb
  Rendering encomendas/index.html.erb within layouts/application
  [1m[36mEncomenda Load (0.4ms)[0m  [1m[34mSELECT "encomendas".* FROM "encomendas"[0m
  ↳ app/views/encomendas/index.html.erb:6
  Rendered encomendas/index.html.erb within layouts/application (Duration: 2.5ms | Allocations: 1452)
  Rendered layout layouts/application.html.erb (Duration: 3.6ms | Allocations: 1997)
Completed 200 OK in 17ms (Views: 6.5ms | ActiveRecord: 0.4ms | Allocations: 8559)


Started GET "/stylesheets/application.css" for 127.0.0.1 at 2024-02-07 16:36:31 -0300
Started GET "/javascripts/application.js" for 127.0.0.1 at 2024-02-07 16:36:31 -0300
  
ActionController::RoutingError (No route matches [GET] "/javascripts/application.js"):
  
  
ActionController::RoutingError (No route matches [GET] "/stylesheets/application.css"):
  
Started GET "/encomendas/new" for 127.0.0.1 at 2024-02-07 16:36:33 -0300
Processing by EncomendasController#show as HTML
  Parameters: {"id"=>"new"}
  [1m[36mEncomenda Load (0.3ms)[0m  [1m[34mSELECT "encomendas".* FROM "encomendas" WHERE "encomendas"."id" = $1 LIMIT $2[0m  [["id", nil], ["LIMIT", 1]]
  ↳ app/controllers/encomendas_controller.rb:63:in `set_encomenda'
Completed 404 Not Found in 11ms (ActiveRecord: 5.6ms | Allocations: 2628)


  
ActiveRecord::RecordNotFound (Couldn't find Encomenda with 'id'=new):
  
app/controllers/encomendas_controller.rb:63:in `set_encomenda'
Started GET "/encomendas/new" for 127.0.0.1 at 2024-02-07 16:37:07 -0300
Processing by EncomendasController#show as HTML
  Parameters: {"id"=>"new"}
  [1m[36mEncomenda Load (1.6ms)[0m  [1m[34mSELECT "encomendas".* FROM "encomendas" WHERE "encomendas"."id" = $1 LIMIT $2[0m  [["id", nil], ["LIMIT", 1]]
  ↳ app/controllers/encomendas_controller.rb:63:in `set_encomenda'
Completed 404 Not Found in 3ms (ActiveRecord: 1.6ms | Allocations: 688)


  
ActiveRecord::RecordNotFound (Couldn't find Encomenda with 'id'=new):
  
app/controllers/encomendas_controller.rb:63:in `set_encomenda'
Started GET "/encomendas/new" for 127.0.0.1 at 2024-02-07 16:37:42 -0300
Processing by EncomendasController#show as HTML
  Parameters: {"id"=>"new"}
  [1m[36mEncomenda Load (0.2ms)[0m  [1m[34mSELECT "encomendas".* FROM "encomendas" WHERE "encomendas"."id" = $1 LIMIT $2[0m  [["id", nil], ["LIMIT", 1]]
  ↳ app/controllers/encomendas_controller.rb:63:in `set_encomenda'
Completed 404 Not Found in 2ms (ActiveRecord: 0.2ms | Allocations: 588)


  
ActiveRecord::RecordNotFound (Couldn't find Encomenda with 'id'=new):
  
app/controllers/encomendas_controller.rb:63:in `set_encomenda'
Started GET "/encomendas/new" for 127.0.0.1 at 2024-02-07 16:39:53 -0300
Processing by EncomendasController#show as HTML
  Parameters: {"id"=>"new"}
  [1m[36mEncomenda Load (0.1ms)[0m  [1m[34mSELECT "encomendas".* FROM "encomendas" WHERE "encomendas"."id" = $1 LIMIT $2[0m  [["id", nil], ["LIMIT", 1]]
  ↳ app/controllers/encomendas_controller.rb:63:in `set_encomenda'
Completed 404 Not Found in 8ms (ActiveRecord: 2.2ms | Allocations: 3107)


  
ActiveRecord::RecordNotFound (Couldn't find Encomenda with 'id'=new):
  
app/controllers/encomendas_controller.rb:63:in `set_encomenda'
Started GET "/favicon.ico" for 127.0.0.1 at 2024-02-07 16:39:54 -0300
  
ActionController::RoutingError (No route matches [GET] "/favicon.ico"):
  
Started GET "/encomendas/new" for 127.0.0.1 at 2024-02-07 16:39:56 -0300
Processing by EncomendasController#show as HTML
  Parameters: {"id"=>"new"}
  [1m[36mEncomenda Load (0.3ms)[0m  [1m[34mSELECT "encomendas".* FROM "encomendas" WHERE "encomendas"."id" = $1 LIMIT $2[0m  [["id", nil], ["LIMIT", 1]]
  ↳ app/controllers/encomendas_controller.rb:63:in `set_encomenda'
Completed 404 Not Found in 3ms (ActiveRecord: 0.3ms | Allocations: 671)


  
ActiveRecord::RecordNotFound (Couldn't find Encomenda with 'id'=new):
  
app/controllers/encomendas_controller.rb:63:in `set_encomenda'
Started GET "/encomendas/new" for 127.0.0.1 at 2024-02-07 16:40:38 -0300
Processing by EncomendasController#new as HTML
  Rendering layout layouts/application.html.erb
  Rendering encomendas/new.html.erb within layouts/application
  Rendered encomendas/_form.html.erb (Duration: 21.7ms | Allocations: 3422)
  Rendered encomendas/new.html.erb within layouts/application (Duration: 22.6ms | Allocations: 3787)
  Rendered layout layouts/application.html.erb (Duration: 26.8ms | Allocations: 4070)
Completed 200 OK in 43ms (Views: 27.9ms | ActiveRecord: 3.2ms | Allocations: 11608)


Started GET "/javascripts/application.js" for 127.0.0.1 at 2024-02-07 16:40:38 -0300
Started GET "/stylesheets/application.css" for 127.0.0.1 at 2024-02-07 16:40:38 -0300
  
ActionController::RoutingError (No route matches [GET] "/javascripts/application.js"):
  
  
ActionController::RoutingError (No route matches [GET] "/stylesheets/application.css"):
  
Started GET "/favicon.ico" for 127.0.0.1 at 2024-02-07 16:40:38 -0300
  
ActionController::RoutingError (No route matches [GET] "/favicon.ico"):
  
Started POST "/encomendas" for 127.0.0.1 at 2024-02-07 16:45:51 -0300
Processing by EncomendasController#create as HTML
  Parameters: {"encomenda"=>{"peso"=>"10", "status"=>"A caminho", "data_entrega"=>"2024-07-02", "destinatario_id"=>"Vinicius", "remetente_id"=>"Nicoly"}, "commit"=>"Create Encomenda"}
  [1m[36mTRANSACTION (0.3ms)[0m  [1m[35mBEGIN[0m
  ↳ app/controllers/encomendas_controller.rb:27:in `block in create'
  [1m[36mDestinatario Load (0.6ms)[0m  [1m[34mSELECT "destinatarios".* FROM "destinatarios" WHERE "destinatarios"."id" = $1 LIMIT $2[0m  [["id", 0], ["LIMIT", 1]]
  ↳ app/controllers/encomendas_controller.rb:27:in `block in create'
  [1m[36mRemetente Load (0.3ms)[0m  [1m[34mSELECT "remetentes".* FROM "remetentes" WHERE "remetentes"."id" = $1 LIMIT $2[0m  [["id", 0], ["LIMIT", 1]]
  ↳ app/controllers/encomendas_controller.rb:27:in `block in create'
  [1m[36mTRANSACTION (0.3ms)[0m  [1m[31mROLLBACK[0m
  ↳ app/controllers/encomendas_controller.rb:27:in `block in create'
  Rendering layout layouts/application.html.erb
  Rendering encomendas/new.html.erb within layouts/application
  Rendered encomendas/_form.html.erb (Duration: 3.3ms | Allocations: 3252)
  Rendered encomendas/new.html.erb within layouts/application (Duration: 3.8ms | Allocations: 3347)
  Rendered layout layouts/application.html.erb (Duration: 4.2ms | Allocations: 3596)
Completed 422 Unprocessable Entity in 59ms (Views: 4.8ms | ActiveRecord: 7.1ms | Allocations: 15120)


Started GET "/javascripts/application.js" for 127.0.0.1 at 2024-02-07 16:45:52 -0300
Started GET "/stylesheets/application.css" for 127.0.0.1 at 2024-02-07 16:45:52 -0300
  
ActionController::RoutingError (No route matches [GET] "/javascripts/application.js"):
  
  
ActionController::RoutingError (No route matches [GET] "/stylesheets/application.css"):
  
Started GET "/favicon.ico" for 127.0.0.1 at 2024-02-07 16:45:52 -0300
  
ActionController::RoutingError (No route matches [GET] "/favicon.ico"):
  
